\BOOKMARK [1][-]{section.1}{Introduction}{}% 1
\BOOKMARK [2][-]{subsection.1.1}{Motivation}{section.1}% 2
\BOOKMARK [2][-]{subsection.1.2}{Aims}{section.1}% 3
\BOOKMARK [1][-]{section.2}{Background Theory}{}% 4
\BOOKMARK [2][-]{subsection.2.1}{Pressure Gain Combustion}{section.2}% 5
\BOOKMARK [2][-]{subsection.2.2}{Transient Supersonic Jet}{section.2}% 6
\BOOKMARK [2][-]{subsection.2.3}{Transient Jet Impingement}{section.2}% 7
\BOOKMARK [2][-]{subsection.2.4}{Acoustic Noise}{section.2}% 8
\BOOKMARK [1][-]{section.3}{Experimental Methods \046 Analysis Techniques}{}% 9
\BOOKMARK [2][-]{subsection.3.1}{Technical University of Berlin Pulse Detonation Combustion Facility}{section.3}% 10
\BOOKMARK [2][-]{subsection.3.2}{Shock Tube Facility}{section.3}% 11
\BOOKMARK [2][-]{subsection.3.3}{Schlieren Imaging}{section.3}% 12
\BOOKMARK [3][-]{subsubsection.3.3.1}{High Resolution Imaging}{subsection.3.3}% 13
\BOOKMARK [3][-]{subsubsection.3.3.2}{High Speed Imaging}{subsection.3.3}% 14
\BOOKMARK [3][-]{subsubsection.3.3.3}{Limitations}{subsection.3.3}% 15
\BOOKMARK [2][-]{subsection.3.4}{Facility Development and Calibration}{section.3}% 16
\BOOKMARK [3][-]{subsubsection.3.4.1}{Nozzle Design}{subsection.3.4}% 17
\BOOKMARK [3][-]{subsubsection.3.4.2}{Impingement Plate Design}{subsection.3.4}% 18
\BOOKMARK [3][-]{subsubsection.3.4.3}{Impingement Plate Development}{subsection.3.4}% 19
\BOOKMARK [3][-]{subsubsection.3.4.4}{Hydrostatic Test}{subsection.3.4}% 20
\BOOKMARK [3][-]{subsubsection.3.4.5}{Pressure Sensor Calibration}{subsection.3.4}% 21
\BOOKMARK [3][-]{subsubsection.3.4.6}{Diaphragm Study}{subsection.3.4}% 22
\BOOKMARK [3][-]{subsubsection.3.4.7}{LED Calibration}{subsection.3.4}% 23
\BOOKMARK [1][-]{section.4}{Analysis Techniques}{}% 24
\BOOKMARK [2][-]{subsection.4.1}{Second Order Convolution}{section.4}% 25
\BOOKMARK [2][-]{subsection.4.2}{Ranking Methods}{section.4}% 26
\BOOKMARK [1][-]{section.5}{Results}{}% 27
\BOOKMARK [1][-]{section.6}{Discussion}{}% 28
\BOOKMARK [1][-]{section.7}{Conclusions and Recommendations}{}% 29
\BOOKMARK [1][-]{section*.34}{Appendix}{}% 30
\BOOKMARK [1][-]{appendix.A}{Shock Facility}{}% 31
\BOOKMARK [1][-]{appendix.B}{Literature Comparison}{}% 32
\BOOKMARK [1][-]{appendix.C}{Shock Relations}{}% 33
